  Application.cpp
D:\GitHub\PhasePortrait\Solution\Solution\src\PhasePortrait.h(26,40): warning C4305: 'initializing': truncation from 'double' to 'float'
D:\GitHub\PhasePortrait\Solution\Solution\src\PhasePortrait.h(35,39): warning C4305: 'initializing': truncation from 'double' to 'float'
D:\GitHub\PhasePortrait\Solution\Solution\src\Vector.h(10,76): warning C4244: 'argument': conversion from 'double' to 'const _Ty', possible loss of data
D:\GitHub\PhasePortrait\Solution\Solution\src\Vector.h(10,76): warning C4244:         with
D:\GitHub\PhasePortrait\Solution\Solution\src\Vector.h(10,76): warning C4244:         [
D:\GitHub\PhasePortrait\Solution\Solution\src\Vector.h(10,76): warning C4244:             _Ty=float
D:\GitHub\PhasePortrait\Solution\Solution\src\Vector.h(10,76): warning C4244:         ]
D:\GitHub\PhasePortrait\Solution\Solution\src\Vector.h(10): message : while compiling class template member function 'Vector<float>::Vector(size_t,double)'
D:\GitHub\PhasePortrait\Solution\Solution\src\Application.cpp(71): message : see reference to function template instantiation 'Vector<float>::Vector(size_t,double)' being compiled
D:\GitHub\PhasePortrait\Solution\Solution\src\PhasePortrait.h(60): message : see reference to class template instantiation 'Vector<float>' being compiled
C:\Program Files (x86)\Microsoft Visual Studio\2019\Community\VC\Tools\MSVC\14.23.28105\include\chrono(669): message : see reference to class template instantiation 'std::chrono::duration<double,std::ratio<1,1>>' being compiled
C:\Program Files (x86)\Microsoft Visual Studio\2019\Community\VC\Tools\MSVC\14.23.28105\include\chrono(177): message : see reference to class template instantiation 'std::chrono::duration<__int64,std::nano>' being compiled
  PhasePortrait.cpp
C:\Program Files (x86)\Microsoft Visual Studio\2019\Community\VC\Tools\MSVC\14.23.28105\include\chrono(647): message : see reference to class template instantiation 'std::chrono::time_point<std::chrono::steady_clock,std::chrono::steady_clock::duration>' being compiled
D:\GitHub\PhasePortrait\Solution\Solution\src\PhasePortrait.h(26,40): warning C4305: 'initializing': truncation from 'double' to 'float'
D:\GitHub\PhasePortrait\Solution\Solution\src\PhasePortrait.h(35,39): warning C4305: 'initializing': truncation from 'double' to 'float'
D:\GitHub\PhasePortrait\Solution\Solution\src\ColorUtility.h(14,10): warning C4244: 'initializing': conversion from 'double' to 'float', possible loss of data
D:\GitHub\PhasePortrait\Solution\Solution\src\ColorUtility.h(35,8): warning C4244: 'initializing': conversion from 'float' to 'int', possible loss of data
D:\GitHub\PhasePortrait\Solution\Solution\src\ColorUtility.h(36,8): warning C4244: 'initializing': conversion from 'float' to 'int', possible loss of data
D:\GitHub\PhasePortrait\Solution\Solution\src\ColorUtility.h(37,8): warning C4244: 'initializing': conversion from 'float' to 'int', possible loss of data
D:\GitHub\PhasePortrait\Solution\Solution\src\ColorUtility.h(37,8): warning C4244: The contents of <charconv> are only available with C++17 or later.
D:\GitHub\PhasePortrait\Solution\Solution\src\PhasePortrait.cpp(54,129): warning C4244: 'argument': conversion from 'double' to 'size_t', possible loss of data
D:\GitHub\PhasePortrait\Solution\Solution\src\PhasePortrait.cpp(55,128): warning C4244: 'argument': conversion from 'double' to 'size_t', possible loss of data
D:\GitHub\PhasePortrait\Solution\Solution\src\PhasePortrait.cpp(113,16): warning C4244: 'return': conversion from '_Ty1' to 'float', possible loss of data
D:\GitHub\PhasePortrait\Solution\Solution\src\PhasePortrait.cpp(113,16): warning C4244:         with
D:\GitHub\PhasePortrait\Solution\Solution\src\PhasePortrait.cpp(113,16): warning C4244:         [
D:\GitHub\PhasePortrait\Solution\Solution\src\PhasePortrait.cpp(113,16): warning C4244:             _Ty1=double
D:\GitHub\PhasePortrait\Solution\Solution\src\PhasePortrait.cpp(113,16): warning C4244:         ]
D:\GitHub\PhasePortrait\Solution\Solution\src\PhasePortrait.cpp(123,15): warning C4244: 'initializing': conversion from 'double' to 'size_t', possible loss of data
D:\GitHub\PhasePortrait\Solution\Solution\src\PhasePortrait.cpp(137,58): warning C4305: 'argument': truncation from 'double' to 'T'
D:\GitHub\PhasePortrait\Solution\Solution\src\PhasePortrait.cpp(137,58): warning C4305:         with
D:\GitHub\PhasePortrait\Solution\Solution\src\PhasePortrait.cpp(137,58): warning C4305:         [
D:\GitHub\PhasePortrait\Solution\Solution\src\PhasePortrait.cpp(137,58): warning C4305:             T=float
D:\GitHub\PhasePortrait\Solution\Solution\src\PhasePortrait.cpp(137,58): warning C4305:         ]
D:\GitHub\PhasePortrait\Solution\Solution\src\PhasePortrait.cpp(153,28): warning C4244: '=': conversion from 'double' to 'size_t', possible loss of data
D:\GitHub\PhasePortrait\Solution\Solution\src\PhasePortrait.cpp(155,28): warning C4244: '=': conversion from 'double' to 'size_t', possible loss of data
D:\GitHub\PhasePortrait\Solution\Solution\src\PhasePortrait.cpp(185,51): warning C4244: '=': conversion from 'double' to '_Ty', possible loss of data
D:\GitHub\PhasePortrait\Solution\Solution\src\PhasePortrait.cpp(185,51): warning C4244:         with
D:\GitHub\PhasePortrait\Solution\Solution\src\PhasePortrait.cpp(185,51): warning C4244:         [
D:\GitHub\PhasePortrait\Solution\Solution\src\PhasePortrait.cpp(185,51): warning C4244:             _Ty=float
D:\GitHub\PhasePortrait\Solution\Solution\src\PhasePortrait.cpp(185,51): warning C4244:         ]
D:\GitHub\PhasePortrait\Solution\Solution\src\PhasePortrait.cpp(199,55): warning C4244: '=': conversion from 'double' to '_Ty', possible loss of data
D:\GitHub\PhasePortrait\Solution\Solution\src\PhasePortrait.cpp(199,55): warning C4244:         with
D:\GitHub\PhasePortrait\Solution\Solution\src\PhasePortrait.cpp(199,55): warning C4244:         [
D:\GitHub\PhasePortrait\Solution\Solution\src\PhasePortrait.cpp(199,55): warning C4244:             _Ty=float
D:\GitHub\PhasePortrait\Solution\Solution\src\PhasePortrait.cpp(199,55): warning C4244:         ]
D:\GitHub\PhasePortrait\Solution\Solution\src\PhasePortrait.cpp(202,55): warning C4244: '=': conversion from 'double' to '_Ty', possible loss of data
D:\GitHub\PhasePortrait\Solution\Solution\src\PhasePortrait.cpp(202,55): warning C4244:         with
D:\GitHub\PhasePortrait\Solution\Solution\src\PhasePortrait.cpp(202,55): warning C4244:         [
D:\GitHub\PhasePortrait\Solution\Solution\src\PhasePortrait.cpp(202,55): warning C4244:             _Ty=float
D:\GitHub\PhasePortrait\Solution\Solution\src\PhasePortrait.cpp(202,55): warning C4244:         ]
D:\GitHub\PhasePortrait\Solution\Solution\src\PhasePortrait.cpp(205,55): warning C4244: '=': conversion from 'double' to '_Ty', possible loss of data
D:\GitHub\PhasePortrait\Solution\Solution\src\PhasePortrait.cpp(205,55): warning C4244:         with
D:\GitHub\PhasePortrait\Solution\Solution\src\PhasePortrait.cpp(205,55): warning C4244:         [
D:\GitHub\PhasePortrait\Solution\Solution\src\PhasePortrait.cpp(205,55): warning C4244:             _Ty=float
D:\GitHub\PhasePortrait\Solution\Solution\src\PhasePortrait.cpp(205,55): warning C4244:         ]
D:\GitHub\PhasePortrait\Solution\Solution\src\PhasePortrait.cpp(263,21): warning C4244: 'initializing': conversion from 'float' to 'size_t', possible loss of data
D:\GitHub\PhasePortrait\Solution\Solution\src\PhasePortrait.cpp(271,68): warning C4244: 'argument': conversion from 'double' to 'T', possible loss of data
D:\GitHub\PhasePortrait\Solution\Solution\src\PhasePortrait.cpp(271,68): warning C4244:         with
D:\GitHub\PhasePortrait\Solution\Solution\src\PhasePortrait.cpp(271,68): warning C4244:         [
D:\GitHub\PhasePortrait\Solution\Solution\src\PhasePortrait.cpp(271,68): warning C4244:             T=float
D:\GitHub\PhasePortrait\Solution\Solution\src\PhasePortrait.cpp(271,68): warning C4244:         ]
D:\GitHub\PhasePortrait\Solution\Solution\src\PhasePortrait.cpp(271,122): warning C4244: 'argument': conversion from 'double' to 'T', possible loss of data
D:\GitHub\PhasePortrait\Solution\Solution\src\PhasePortrait.cpp(271,122): warning C4244:         with
D:\GitHub\PhasePortrait\Solution\Solution\src\PhasePortrait.cpp(271,122): warning C4244:         [
D:\GitHub\PhasePortrait\Solution\Solution\src\PhasePortrait.cpp(271,122): warning C4244:             T=float
D:\GitHub\PhasePortrait\Solution\Solution\src\PhasePortrait.cpp(271,122): warning C4244:         ]
D:\GitHub\PhasePortrait\Solution\Solution\src\PhasePortrait.cpp(363,49): warning C4244: '+=': conversion from 'double' to 'float', possible loss of data
D:\GitHub\PhasePortrait\Solution\Solution\src\PhasePortrait.cpp(398,60): warning C4244: 'argument': conversion from 'size_t' to 'float', possible loss of data
D:\GitHub\PhasePortrait\Solution\Solution\src\PhasePortrait.cpp(435,24): warning C4018: '<': signed/unsigned mismatch
D:\GitHub\PhasePortrait\Solution\Solution\src\PhasePortrait.cpp(468,60): warning C4244: 'argument': conversion from 'size_t' to 'float', possible loss of data
D:\GitHub\PhasePortrait\Solution\Solution\src\PhasePortrait.cpp(509,24): warning C4018: '<': signed/unsigned mismatch
D:\GitHub\PhasePortrait\Solution\Solution\src\PhasePortrait.cpp(539,60): warning C4244: 'argument': conversion from 'size_t' to 'float', possible loss of data
D:\GitHub\PhasePortrait\Solution\Solution\src\PhasePortrait.cpp(594,18): warning C4244: 'initializing': conversion from 'double' to 'float', possible loss of data
D:\GitHub\PhasePortrait\Solution\Solution\src\PhasePortrait.cpp(611,27): warning C4305: '=': truncation from 'double' to 'float'
D:\GitHub\PhasePortrait\Solution\Solution\src\PhasePortrait.cpp(621,38): warning C4305: '=': truncation from 'double' to 'float'
D:\GitHub\PhasePortrait\Solution\Solution\src\PhasePortrait.cpp(632,30): warning C4305: '=': truncation from 'double' to 'float'
D:\GitHub\PhasePortrait\Solution\Solution\src\PhasePortrait.cpp(675,37): warning C4305: 'initializing': truncation from 'double' to 'float'
D:\GitHub\PhasePortrait\Solution\Solution\src\PhasePortrait.cpp(737,60): warning C4244: 'argument': conversion from 'size_t' to 'float', possible loss of data
D:\GitHub\PhasePortrait\Solution\Solution\src\Vector.h(47,16): warning C4244: 'argument': conversion from 'double' to 'T', possible loss of data
D:\GitHub\PhasePortrait\Solution\Solution\src\Vector.h(47,16): warning C4244:         with
D:\GitHub\PhasePortrait\Solution\Solution\src\Vector.h(47,16): warning C4244:         [
D:\GitHub\PhasePortrait\Solution\Solution\src\Vector.h(47,16): warning C4244:             T=float
D:\GitHub\PhasePortrait\Solution\Solution\src\Vector.h(47,16): warning C4244:         ]
D:\GitHub\PhasePortrait\Solution\Solution\src\Vector.h(46): message : while compiling class template member function 'Vector<float> operator *(double,const Vector<float> &)'
D:\GitHub\PhasePortrait\Solution\Solution\src\PhasePortrait.cpp(132): message : see reference to function template instantiation 'Vector<float> operator *(double,const Vector<float> &)' being compiled
D:\GitHub\PhasePortrait\Solution\Solution\src\PhasePortrait.h(60): message : see reference to class template instantiation 'Vector<float>' being compiled
D:\GitHub\PhasePortrait\Solution\Solution\src\Vector.h(10,76): warning C4244: 'argument': conversion from 'double' to 'const _Ty', possible loss of data
D:\GitHub\PhasePortrait\Solution\Solution\src\Vector.h(10,76): warning C4244:         with
D:\GitHub\PhasePortrait\Solution\Solution\src\Vector.h(10,76): warning C4244:         [
D:\GitHub\PhasePortrait\Solution\Solution\src\Vector.h(10,76): warning C4244:             _Ty=float
D:\GitHub\PhasePortrait\Solution\Solution\src\Vector.h(10,76): warning C4244:         ]
D:\GitHub\PhasePortrait\Solution\Solution\src\Vector.h(10): message : while compiling class template member function 'Vector<float>::Vector(size_t,double)'
  Generating Code...
D:\GitHub\PhasePortrait\Solution\Solution\src\Vector.h(38): message : see reference to function template instantiation 'Vector<float>::Vector(size_t,double)' being compiled
D:\GitHub\PhasePortrait\Solution\Solution\src\PhasePortrait.cpp(237): warning C4715: 'PhasePortrait::GetTrajectoryColor': not all control paths return a value
D:\GitHub\PhasePortrait\Solution\Solution\src\Vector.h(62): warning C4172: returning address of local variable or temporary
  Solution.vcxproj -> D:\GitHub\PhasePortrait\Solution\Debug\Solution.exe
